{"contracts/IcoSCM.sol":{"l":{"24":1,"25":1,"30":2,"31":1,"32":1,"33":1,"36":2,"37":2,"38":2,"39":2,"40":2,"44":2,"45":1,"46":1,"47":1,"48":1,"49":1,"50":1,"52":1},"path":"/home/uxio/gnosis/poc/onboarding-ico/contracts/IcoSCM.sol","s":{"1":1,"2":1,"3":2,"4":1,"5":1,"6":1,"7":2,"8":2,"9":2,"10":2,"11":2,"12":2,"13":1,"14":1,"15":1,"16":1,"17":1},"b":{"1":[1,1],"2":[2,0],"3":[1,1],"4":[1,0]},"f":{"1":1,"2":2,"3":2},"fnMap":{"1":{"name":null,"line":23,"loc":{"start":{"line":23,"column":2},"end":{"line":23,"column":63}}},"2":{"name":"invest","line":28,"loc":{"start":{"line":28,"column":2},"end":{"line":28,"column":55}}},"3":{"name":"claim","line":43,"loc":{"start":{"line":43,"column":2},"end":{"line":43,"column":40}}}},"statementMap":{"1":{"start":{"line":24,"column":6},"end":{"line":24,"column":38}},"2":{"start":{"line":25,"column":6},"end":{"line":25,"column":31}},"3":{"start":{"line":30,"column":6},"end":{"line":30,"column":812}},"4":{"start":{"line":31,"column":8},"end":{"line":31,"column":43}},"5":{"start":{"line":32,"column":8},"end":{"line":32,"column":21}},"6":{"start":{"line":33,"column":8},"end":{"line":33,"column":41}},"7":{"start":{"line":36,"column":6},"end":{"line":36,"column":94}},"8":{"start":{"line":37,"column":6},"end":{"line":37,"column":28}},"9":{"start":{"line":38,"column":6},"end":{"line":38,"column":38}},"10":{"start":{"line":39,"column":6},"end":{"line":39,"column":40}},"11":{"start":{"line":40,"column":6},"end":{"line":40,"column":17}},"12":{"start":{"line":44,"column":4},"end":{"line":44,"column":74}},"13":{"start":{"line":45,"column":4},"end":{"line":45,"column":50}},"14":{"start":{"line":46,"column":4},"end":{"line":46,"column":32}},"15":{"start":{"line":47,"column":4},"end":{"line":47,"column":1424}},"16":{"start":{"line":50,"column":8},"end":{"line":50,"column":38}},"17":{"start":{"line":52,"column":4},"end":{"line":52,"column":22}}},"branchMap":{"1":{"line":30,"type":"if","locations":[{"start":{"line":30,"column":6},"end":{"line":30,"column":6}},{"start":{"line":30,"column":6},"end":{"line":30,"column":6}}]},"2":{"line":36,"type":"if","locations":[{"start":{"line":36,"column":6},"end":{"line":36,"column":6}},{"start":{"line":36,"column":6},"end":{"line":36,"column":6}}]},"3":{"line":44,"type":"if","locations":[{"start":{"line":44,"column":4},"end":{"line":44,"column":4}},{"start":{"line":44,"column":4},"end":{"line":44,"column":4}}]},"4":{"line":47,"type":"if","locations":[{"start":{"line":47,"column":4},"end":{"line":47,"column":4}},{"start":{"line":47,"column":4},"end":{"line":47,"column":4}}]}}},"contracts/TokenSCM.sol":{"l":{"11":1,"12":1},"path":"/home/uxio/gnosis/poc/onboarding-ico/contracts/TokenSCM.sol","s":{"1":1,"2":1},"b":{},"f":{"1":1},"fnMap":{"1":{"name":null,"line":10,"loc":{"start":{"line":10,"column":1},"end":{"line":10,"column":33}}}},"statementMap":{"1":{"start":{"line":11,"column":2},"end":{"line":11,"column":21}},"2":{"start":{"line":12,"column":2},"end":{"line":12,"column":30}}},"branchMap":{}}}